[debug] [2024-01-10T16:23:20.624Z] ----------------------------------------------------------------------
[debug] [2024-01-10T16:23:20.628Z] Command:       /usr/local/Cellar/node/21.2.0/bin/node /usr/local/bin/firebase init
[debug] [2024-01-10T16:23:20.628Z] CLI Version:   13.0.3
[debug] [2024-01-10T16:23:20.628Z] Platform:      darwin
[debug] [2024-01-10T16:23:20.628Z] Node Version:  v21.2.0
[debug] [2024-01-10T16:23:20.628Z] Time:          Wed Jan 10 2024 22:23:20 GMT+0600 (GMT+06:00)
[debug] [2024-01-10T16:23:20.629Z] ----------------------------------------------------------------------
[debug] 
[debug] [2024-01-10T16:23:20.637Z] > command requires scopes: ["email","openid","https://www.googleapis.com/auth/cloudplatformprojects.readonly","https://www.googleapis.com/auth/firebase","https://www.googleapis.com/auth/cloud-platform"]
[debug] [2024-01-10T16:23:20.637Z] > authorizing via signed-in user (artem.kosnikov@gmail.com)
[info] 
     ######## #### ########  ######## ########     ###     ######  ########
     ##        ##  ##     ## ##       ##     ##  ##   ##  ##       ##
     ######    ##  ########  ######   ########  #########  ######  ######
     ##        ##  ##    ##  ##       ##     ## ##     ##       ## ##
     ##       #### ##     ## ######## ########  ##     ##  ######  ########

You're about to initialize a Firebase project in this directory:

  /Users/artemkosnikov/Projects/Udemy/complete-guide/main-prj-01-starting-setup

[info] 
=== Project Setup
[info] 
[info] First, let's associate this project directory with a Firebase project.
[info] You can create multiple project aliases by running firebase use --add, 
[info] but for now we'll just set up a default project.
[info] 
[debug] [2024-01-10T16:23:45.448Z] >>> [apiv2][query] GET https://firebase.googleapis.com/v1beta1/projects pageSize=100
[debug] [2024-01-10T16:23:46.291Z] <<< [apiv2][status] GET https://firebase.googleapis.com/v1beta1/projects 200
[debug] [2024-01-10T16:23:46.291Z] <<< [apiv2][body] GET https://firebase.googleapis.com/v1beta1/projects [omitted]
[info] i  Using project coaches-d1702 (coaches) 
[info] 
=== Hosting Setup
[debug] [2024-01-10T16:23:52.186Z] >>> [apiv2][query] GET https://firebase.googleapis.com/v1beta1/projects/coaches-d1702 [none]
[debug] [2024-01-10T16:23:52.733Z] <<< [apiv2][status] GET https://firebase.googleapis.com/v1beta1/projects/coaches-d1702 200
[debug] [2024-01-10T16:23:52.733Z] <<< [apiv2][body] GET https://firebase.googleapis.com/v1beta1/projects/coaches-d1702 {"projectId":"coaches-d1702","projectNumber":"566846056902","displayName":"coaches","name":"projects/coaches-d1702","resources":{"hostingSite":"coaches-d1702","realtimeDatabaseInstance":"coaches-d1702-default-rtdb"},"state":"ACTIVE","etag":"1_a3f6ab7a-a753-4ba5-86ed-f211cda2bacd"}
[info] 
[info] Your public directory is the folder (relative to your project directory) that
[info] will contain Hosting assets to be uploaded with firebase deploy. If you
[info] have a build process for your assets, use your build's output directory.
[info] 
[debug] [2024-01-10T16:28:54.229Z] >>> [apiv2][query] GET https://www.gstatic.com/firebasejs/releases.json [none]
[debug] [2024-01-10T16:28:54.516Z] <<< [apiv2][status] GET https://www.gstatic.com/firebasejs/releases.json 200
[debug] [2024-01-10T16:28:54.516Z] <<< [apiv2][body] GET https://www.gstatic.com/firebasejs/releases.json {"current":{"version":"10.7.1","browserURL":"https://www.gstatic.com/firebasejs/10.7.1/firebase.js","packageURL":"https://www.gstatic.com/firebasejs/10.7.1/firebase.tgz"},"live":{"version":"10.7","browserURL":"https://www.gstatic.com/firebasejs/live/10.7/firebase.js","packageURL":"https://www.gstatic.com/firebasejs/live/10.7/firebase.tgz"},"components":{"analytics":"https://www.gstatic.com/firebasejs/10.7.1/firebase-analytics.js","app":"https://www.gstatic.com/firebasejs/10.7.1/firebase-app.js","app-check":"https://www.gstatic.com/firebasejs/10.7.1/firebase-app-check.js","auth":"https://www.gstatic.com/firebasejs/10.7.1/firebase-auth.js","auth/cordova":"https://www.gstatic.com/firebasejs/10.7.1/firebase-auth/cordova.js","functions":"https://www.gstatic.com/firebasejs/10.7.1/firebase-functions.js","firestore":"https://www.gstatic.com/firebasejs/10.7.1/firebase-firestore.js","firestore/lite":"https://www.gstatic.com/firebasejs/10.7.1/firebase-firestore/lite.js","installations":"https://www.gstatic.com/firebasejs/10.7.1/firebase-installations.js","storage":"https://www.gstatic.com/firebasejs/10.7.1/firebase-storage.js","performance":"https://www.gstatic.com/firebasejs/10.7.1/firebase-performance.js","remote-config":"https://www.gstatic.com/firebasejs/10.7.1/firebase-remote-config.js","messaging":"https://www.gstatic.com/firebasejs/10.7.1/firebase-messaging.js","messaging/sw":"https://www.gstatic.com/firebasejs/10.7.1/firebase-messaging/sw.js","database":"https://www.gstatic.com/firebasejs/10.7.1/firebase-database.js","firestore.memory":"https://www.gstatic.com/firebasejs/10.7.1/firebase-firestore.memory.js"}}
[info] i  Skipping write of dist/index.html 
[info] 
[info] i  Didn't detect a .git folder. Assuming /Users/artemkosnikov/Projects/Udemy/complete-guide/main-prj-01-starting-setup is the project root. 
[info] i  Authorizing with GitHub to upload your service account to a GitHub repository's secrets store. 
[info] 
[info] Visit this URL on this device to log in:
[info] https://github.com/login/oauth/authorize?client_id=89cf50f02ac6aaed3484&state=1011216612&redirect_uri=http%3A%2F%2Flocalhost%3A9005&scope=read%3Auser%20repo%20public_repo
[info] 
[info] Waiting for authentication...
[debug] [2024-01-10T16:29:18.798Z] >>> [apiv2][query] POST https://github.com/login/oauth/access_token [none]
[debug] [2024-01-10T16:29:18.798Z] >>> [apiv2][body] POST https://github.com/login/oauth/access_token [stream]
[debug] [2024-01-10T16:29:19.329Z] <<< [apiv2][status] POST https://github.com/login/oauth/access_token 200
[debug] [2024-01-10T16:29:19.329Z] <<< [apiv2][body] POST https://github.com/login/oauth/access_token {"access_token":"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","token_type":"bearer","scope":"read:user,repo"}
[debug] [2024-01-10T16:29:19.335Z] >>> [apiv2][query] GET https://api.github.com/user [none]
[debug] [2024-01-10T16:29:19.895Z] <<< [apiv2][status] GET https://api.github.com/user 200
[debug] [2024-01-10T16:29:19.895Z] <<< [apiv2][body] GET https://api.github.com/user {"login":"CXXXII","id":27734108,"node_id":"MDQ6VXNlcjI3NzM0MTA4","avatar_url":"https://avatars.githubusercontent.com/u/27734108?v=4","gravatar_id":"","url":"https://api.github.com/users/CXXXII","html_url":"https://github.com/CXXXII","followers_url":"https://api.github.com/users/CXXXII/followers","following_url":"https://api.github.com/users/CXXXII/following{/other_user}","gists_url":"https://api.github.com/users/CXXXII/gists{/gist_id}","starred_url":"https://api.github.com/users/CXXXII/starred{/owner}{/repo}","subscriptions_url":"https://api.github.com/users/CXXXII/subscriptions","organizations_url":"https://api.github.com/users/CXXXII/orgs","repos_url":"https://api.github.com/users/CXXXII/repos","events_url":"https://api.github.com/users/CXXXII/events{/privacy}","received_events_url":"https://api.github.com/users/CXXXII/received_events","type":"User","site_admin":false,"name":null,"company":null,"blog":"","location":null,"email":null,"hireable":null,"bio":null,"twitter_username":null,"public_repos":5,"public_gists":0,"followers":0,"following":1,"created_at":"2017-04-18T16:05:16Z","updated_at":"2024-01-10T16:29:15Z","private_gists":0,"total_private_repos":0,"owned_private_repos":0,"disk_usage":677,"collaborators":0,"two_factor_authentication":false,"plan":{"name":"free","space":976562499,"collaborators":0,"private_repos":10000}}
[info] 
[info] ✔  Success! Logged into GitHub as CXXXII 
[info] 
